<?xml version="1.0" encoding="UTF-8"?>
<!-- Generated by org.testng.reporters.JUnitReportReporter -->
<testsuite name="test_class.Test_page" tests="1" time="66.514" ignored="0" failures="0" timestamp="25 Jan 2020 08:20:06 GMT" skipped="0" hostname="DESKTOP-BJ2S468" errors="0">
  <testcase name="test" time="66.514" classname="test_class.Test_page"/>
</testsuite> <!-- test_class.Test_page -->
