<?xml version="1.0" encoding="UTF-8"?>
<!-- Generated by org.testng.reporters.JUnitReportReporter -->
<testsuite name="flipkart.Iphone" tests="1" time="110.296" ignored="0" failures="0" timestamp="24 Jan 2020 05:22:47 GMT" skipped="0" hostname="DESKTOP-BJ2S468" errors="0">
  <testcase name="browsr" time="110.296" classname="flipkart.Iphone"/>
</testsuite> <!-- flipkart.Iphone -->
